brain_images/10_surprise_me/full-moon-moving-between-clouds-timelapse-SBV-347403518-preview.mp4
brain_images/10_surprise_me/J9mYBOo.gif
brain_images/1_animal_faces/302-3027742_grumpy-cat-hd-png-download.png
brain_images/1_animal_faces/526-5262475_memes-cat-hd-png-download.png
brain_images/1_animal_faces/photo_2025-04-12_10-42-46 (3).jpg
brain_images/1_animal_faces/pig-pig-funny.gif
brain_images/1_animal_faces/#trending.jpeg
brain_images/2_wholesome_memes/41c347c52feb9dde8a63285525618a25.mp4
brain_images/2_wholesome_memes/chosenoneairplane_agad2biaal7kifu_AgAD2BIAAl7kiFU.gif.mp4
brain_images/2_wholesome_memes/chosenoneairplane_agadca8aaj0cqvy_AgADCA8AAj0cQVY.mp4
brain_images/2_wholesome_memes/chosenoneairplane_agaddxyaapnmuvy_AgADDxYAApnMUVY.gif.mp4
brain_images/2_wholesome_memes/chosenoneairplane_agadohaaamtdqfu_AgADOhAAAmTdqFU.gif.mp4
brain_images/2_wholesome_memes/chosenoneairplane_agadpg8aamveyvu_AgADPg8AAmVeyVU.gif.mp4
brain_images/2_wholesome_memes/chosenoneairplane_agadtbaaavvlefy_AgADTBAAAvvlEFY.gif.mp4
brain_images/2_wholesome_memes/chosenoneairplane_agadubyaamikkvc_AgADUBYAAmiKkVc.webm
brain_images/2_wholesome_memes/fb6b92507d12ba8b61b795f78c8e964f.mp4
brain_images/3_weird_stuff/062c3efd6fd0d0779261420c868dff2e.mp4
brain_images/3_weird_stuff/african-kids.gif
brain_images/3_weird_stuff/c3d91fea3c306d864937bc962ed4ec9e.mp4
brain_images/3_weird_stuff/Crayon Shinchan Dancing GIF - Crayon Shinchan Dancing Party Hard - Discover & Share GIFs.gif
brain_images/3_weird_stuff/funny-meme.gif
brain_images/3_weird_stuff/photo_2025-04-12_10-42-47.jpg
brain_images/3_weird_stuff/us bhai us.jpeg
brain_images/4_giga_chad/D4fqmLCU0AAlD7X.jpg
brain_images/4_giga_chad/KLn1JQ.gif
brain_images/4_giga_chad/zpu9z6.gif
brain_images/5_classic_memes/3cb27e9ce23962c5aa5ea693d333dc31.gif
brain_images/5_classic_memes/8a7fd99fddc71ca0a86cd02105d40069.mp4
brain_images/5_classic_memes/93247437b53202621ab590ec0752500e.mp4
brain_images/5_classic_memes/IJ4h_k.gif
brain_images/5_classic_memes/jethalal-funny-dance-tarak-mehta-ka-ooltah-chashmah.gif
brain_images/5_classic_memes/YDE0KG.gif
brain_images/6_hot/d3d8fa6c6e895aa0a4eabb9e04e28d6d.jpg
brain_images/6_hot/de08b2a5765130aad4abb9ed9fcacfde.gif
brain_images/6_hot/tamana.jpg
brain_images/7_cute/donutthedog_agadswadrww8fa.gif
brain_images/7_cute/donutthedog_agaduwadrww8fa.gif
brain_images/7_cute/notice-me-dudu-dudu-sorry.gif
brain_images/8_love_them/71bb6a821895fb87333b911efbee54c4.mp4
brain_images/8_love_them/9cba45fccfcb35bbf75ceb7a7247c4f0.mp4
brain_images/8_love_them/b237a8e8db25dd1c13d7971721e78126.mp4
brain_images/8_love_them/ddcbf01a702161170fd12be07a926bb3 (1).mp4
brain_images/8_love_them/DRj8yUKUMAMtaUV.jpg
